[0.586s] Invoking command in '/home/adharsh/ws_mobile/build/mobile_robot': DEBUGINFOD_URLS=https://debuginfod.ubuntu.com PYTHONPATH=/home/adharsh/ws_mobile/build/mobile_robot/prefix_override:/usr/lib/python3/dist-packages/colcon_core/task/python/colcon_distutils_commands:/home/adharsh/ws_mobile/install/mobile_robot/lib/python3.12/site-packages:${PYTHONPATH} /usr/bin/python3 -W ignore:setup.py install is deprecated -W ignore:easy_install command is deprecated setup.py develop --editable --build-directory /home/adharsh/ws_mobile/build/mobile_robot/build --no-deps symlink_data --force
[0.769s] running develop
[0.868s] running egg_info
[0.877s] writing mobile_robot.egg-info/PKG-INFO
[0.880s] writing dependency_links to mobile_robot.egg-info/dependency_links.txt
[0.880s] writing entry points to mobile_robot.egg-info/entry_points.txt
[0.880s] writing requirements to mobile_robot.egg-info/requires.txt
[0.880s] writing top-level names to mobile_robot.egg-info/top_level.txt
[0.899s] reading manifest file 'mobile_robot.egg-info/SOURCES.txt'
[0.900s] writing manifest file 'mobile_robot.egg-info/SOURCES.txt'
[0.911s] running build_ext
[0.912s] Creating /home/adharsh/ws_mobile/install/mobile_robot/lib/python3.12/site-packages/mobile-robot.egg-link (link to .)
[0.913s] Installing controller_final script to /home/adharsh/ws_mobile/install/mobile_robot/lib/mobile_robot
[0.913s] 
[0.913s] Installed /home/adharsh/ws_mobile/build/mobile_robot
[0.913s] running symlink_data
[0.913s] symbolically linking /home/adharsh/ws_mobile/build/mobile_robot/resource/mobile_robot -> /home/adharsh/ws_mobile/install/mobile_robot/share/ament_index/resource_index/packages
[0.913s] symbolically linking /home/adharsh/ws_mobile/build/mobile_robot/package.xml -> /home/adharsh/ws_mobile/install/mobile_robot/share/mobile_robot
[0.913s] symbolically linking /home/adharsh/ws_mobile/build/mobile_robot/launch/gazebo_model.launch.py -> /home/adharsh/ws_mobile/install/mobile_robot/share/mobile_robot/launch
[0.913s] symbolically linking /home/adharsh/ws_mobile/build/mobile_robot/model/robot.xacro -> /home/adharsh/ws_mobile/install/mobile_robot/share/mobile_robot/model
[0.913s] symbolically linking /home/adharsh/ws_mobile/build/mobile_robot/model/robot.gazebo -> /home/adharsh/ws_mobile/install/mobile_robot/share/mobile_robot/model
[0.913s] symbolically linking /home/adharsh/ws_mobile/build/mobile_robot/parameters/bridge_parameters.yaml -> /home/adharsh/ws_mobile/install/mobile_robot/share/mobile_robot/parameters
[0.935s] Invoked command in '/home/adharsh/ws_mobile/build/mobile_robot' returned '0': DEBUGINFOD_URLS=https://debuginfod.ubuntu.com PYTHONPATH=/home/adharsh/ws_mobile/build/mobile_robot/prefix_override:/usr/lib/python3/dist-packages/colcon_core/task/python/colcon_distutils_commands:/home/adharsh/ws_mobile/install/mobile_robot/lib/python3.12/site-packages:${PYTHONPATH} /usr/bin/python3 -W ignore:setup.py install is deprecated -W ignore:easy_install command is deprecated setup.py develop --editable --build-directory /home/adharsh/ws_mobile/build/mobile_robot/build --no-deps symlink_data --force
