[0.540s] Invoking command in '/home/adharsh/ws_mobile/src/mobile_robot': DEBUGINFOD_URLS=https://debuginfod.ubuntu.com PYTHONPATH=/home/adharsh/ws_mobile/build/mobile_robot/prefix_override:/usr/lib/python3/dist-packages/colcon_core/task/python/colcon_distutils_commands:/home/adharsh/ws_mobile/install/mobile_robot/lib/python3.12/site-packages:${PYTHONPATH} /usr/bin/python3 -W ignore:setup.py install is deprecated -W ignore:easy_install command is deprecated setup.py egg_info --egg-base ../../build/mobile_robot build --build-base /home/adharsh/ws_mobile/build/mobile_robot/build install --record /home/adharsh/ws_mobile/build/mobile_robot/install.log --single-version-externally-managed install_data
[0.692s] running egg_info
[0.692s] creating ../../build/mobile_robot/mobile_robot.egg-info
[0.701s] writing ../../build/mobile_robot/mobile_robot.egg-info/PKG-INFO
[0.702s] writing dependency_links to ../../build/mobile_robot/mobile_robot.egg-info/dependency_links.txt
[0.702s] writing requirements to ../../build/mobile_robot/mobile_robot.egg-info/requires.txt
[0.702s] writing top-level names to ../../build/mobile_robot/mobile_robot.egg-info/top_level.txt
[0.702s] writing manifest file '../../build/mobile_robot/mobile_robot.egg-info/SOURCES.txt'
[0.723s] reading manifest file '../../build/mobile_robot/mobile_robot.egg-info/SOURCES.txt'
[0.723s] writing manifest file '../../build/mobile_robot/mobile_robot.egg-info/SOURCES.txt'
[0.723s] running build
[0.723s] running build_py
[0.723s] creating /home/adharsh/ws_mobile/build/mobile_robot/build
[0.723s] creating /home/adharsh/ws_mobile/build/mobile_robot/build/lib
[0.723s] creating /home/adharsh/ws_mobile/build/mobile_robot/build/lib/mobile_robot
[0.723s] copying mobile_robot/__init__.py -> /home/adharsh/ws_mobile/build/mobile_robot/build/lib/mobile_robot
[0.724s] running install
[0.728s] running install_lib
[0.739s] creating /home/adharsh/ws_mobile/install/mobile_robot/lib/python3.12/site-packages/mobile_robot
[0.739s] copying /home/adharsh/ws_mobile/build/mobile_robot/build/lib/mobile_robot/__init__.py -> /home/adharsh/ws_mobile/install/mobile_robot/lib/python3.12/site-packages/mobile_robot
[0.740s] byte-compiling /home/adharsh/ws_mobile/install/mobile_robot/lib/python3.12/site-packages/mobile_robot/__init__.py to __init__.cpython-312.pyc
[0.740s] running install_data
[0.740s] creating /home/adharsh/ws_mobile/install/mobile_robot/share/ament_index
[0.740s] creating /home/adharsh/ws_mobile/install/mobile_robot/share/ament_index/resource_index
[0.740s] creating /home/adharsh/ws_mobile/install/mobile_robot/share/ament_index/resource_index/packages
[0.740s] copying resource/mobile_robot -> /home/adharsh/ws_mobile/install/mobile_robot/share/ament_index/resource_index/packages
[0.740s] copying package.xml -> /home/adharsh/ws_mobile/install/mobile_robot/share/mobile_robot
[0.740s] creating /home/adharsh/ws_mobile/install/mobile_robot/share/mobile_robot/launch
[0.740s] copying launch/gazebo_model.launch.py -> /home/adharsh/ws_mobile/install/mobile_robot/share/mobile_robot/launch
[0.740s] creating /home/adharsh/ws_mobile/install/mobile_robot/share/mobile_robot/model
[0.740s] copying model/robot.xacro -> /home/adharsh/ws_mobile/install/mobile_robot/share/mobile_robot/model
[0.740s] copying model/robot.gazebo -> /home/adharsh/ws_mobile/install/mobile_robot/share/mobile_robot/model
[0.740s] creating /home/adharsh/ws_mobile/install/mobile_robot/share/mobile_robot/parameters
[0.740s] copying parameters/bridge_parameters.yaml -> /home/adharsh/ws_mobile/install/mobile_robot/share/mobile_robot/parameters
[0.740s] running install_egg_info
[0.751s] Copying ../../build/mobile_robot/mobile_robot.egg-info to /home/adharsh/ws_mobile/install/mobile_robot/lib/python3.12/site-packages/mobile_robot-0.0.0-py3.12.egg-info
[0.751s] running install_scripts
[0.822s] writing list of installed files to '/home/adharsh/ws_mobile/build/mobile_robot/install.log'
[0.840s] Invoked command in '/home/adharsh/ws_mobile/src/mobile_robot' returned '0': DEBUGINFOD_URLS=https://debuginfod.ubuntu.com PYTHONPATH=/home/adharsh/ws_mobile/build/mobile_robot/prefix_override:/usr/lib/python3/dist-packages/colcon_core/task/python/colcon_distutils_commands:/home/adharsh/ws_mobile/install/mobile_robot/lib/python3.12/site-packages:${PYTHONPATH} /usr/bin/python3 -W ignore:setup.py install is deprecated -W ignore:easy_install command is deprecated setup.py egg_info --egg-base ../../build/mobile_robot build --build-base /home/adharsh/ws_mobile/build/mobile_robot/build install --record /home/adharsh/ws_mobile/build/mobile_robot/install.log --single-version-externally-managed install_data
