[1.813s] Invoking command in '/home/adharsh/Desktop/Swarm-robot/src/mobile_robot': DEBUGINFOD_URLS=https://debuginfod.ubuntu.com PYTHONPATH=/home/adharsh/Desktop/Swarm-robot/build/mobile_robot/prefix_override:/usr/lib/python3/dist-packages/colcon_core/task/python/colcon_distutils_commands:/home/adharsh/Desktop/Swarm-robot/install/mobile_robot/lib/python3.12/site-packages:${PYTHONPATH} /usr/bin/python3 -W ignore:setup.py install is deprecated -W ignore:easy_install command is deprecated setup.py egg_info --egg-base ../../build/mobile_robot build --build-base /home/adharsh/Desktop/Swarm-robot/build/mobile_robot/build install --record /home/adharsh/Desktop/Swarm-robot/build/mobile_robot/install.log --single-version-externally-managed install_data
[2.370s] running egg_info
[2.398s] writing ../../build/mobile_robot/mobile_robot.egg-info/PKG-INFO
[2.398s] writing dependency_links to ../../build/mobile_robot/mobile_robot.egg-info/dependency_links.txt
[2.399s] writing entry points to ../../build/mobile_robot/mobile_robot.egg-info/entry_points.txt
[2.400s] writing requirements to ../../build/mobile_robot/mobile_robot.egg-info/requires.txt
[2.400s] writing top-level names to ../../build/mobile_robot/mobile_robot.egg-info/top_level.txt
[2.465s] reading manifest file '../../build/mobile_robot/mobile_robot.egg-info/SOURCES.txt'
[2.472s] writing manifest file '../../build/mobile_robot/mobile_robot.egg-info/SOURCES.txt'
[2.474s] running build
[2.475s] running build_py
[2.476s] copying mobile_robot/controller_final.py -> /home/adharsh/Desktop/Swarm-robot/build/mobile_robot/build/lib/mobile_robot
[2.477s] running install
[2.501s] running install_lib
[2.531s] copying /home/adharsh/Desktop/Swarm-robot/build/mobile_robot/build/lib/mobile_robot/controller_final.py -> /home/adharsh/Desktop/Swarm-robot/install/mobile_robot/lib/python3.12/site-packages/mobile_robot
[2.533s] byte-compiling /home/adharsh/Desktop/Swarm-robot/install/mobile_robot/lib/python3.12/site-packages/mobile_robot/controller_final.py to controller_final.cpython-312.pyc
[2.538s] running install_data
[2.539s] running install_egg_info
[2.581s] removing '/home/adharsh/Desktop/Swarm-robot/install/mobile_robot/lib/python3.12/site-packages/mobile_robot-0.0.0-py3.12.egg-info' (and everything under it)
[2.582s] Copying ../../build/mobile_robot/mobile_robot.egg-info to /home/adharsh/Desktop/Swarm-robot/install/mobile_robot/lib/python3.12/site-packages/mobile_robot-0.0.0-py3.12.egg-info
[2.582s] running install_scripts
[2.853s] Installing controller_final script to /home/adharsh/Desktop/Swarm-robot/install/mobile_robot/lib/mobile_robot
[2.854s] writing list of installed files to '/home/adharsh/Desktop/Swarm-robot/build/mobile_robot/install.log'
[2.935s] Invoked command in '/home/adharsh/Desktop/Swarm-robot/src/mobile_robot' returned '0': DEBUGINFOD_URLS=https://debuginfod.ubuntu.com PYTHONPATH=/home/adharsh/Desktop/Swarm-robot/build/mobile_robot/prefix_override:/usr/lib/python3/dist-packages/colcon_core/task/python/colcon_distutils_commands:/home/adharsh/Desktop/Swarm-robot/install/mobile_robot/lib/python3.12/site-packages:${PYTHONPATH} /usr/bin/python3 -W ignore:setup.py install is deprecated -W ignore:easy_install command is deprecated setup.py egg_info --egg-base ../../build/mobile_robot build --build-base /home/adharsh/Desktop/Swarm-robot/build/mobile_robot/build install --record /home/adharsh/Desktop/Swarm-robot/build/mobile_robot/install.log --single-version-externally-managed install_data
