[0.864s] Invoking command in '/home/adharsh/Desktop/Swarm-robot/src/mobile_robot': DEBUGINFOD_URLS=https://debuginfod.ubuntu.com PYTHONPATH=/home/adharsh/Desktop/Swarm-robot/build/mobile_robot/prefix_override:/usr/lib/python3/dist-packages/colcon_core/task/python/colcon_distutils_commands:/home/adharsh/Desktop/Swarm-robot/install/mobile_robot/lib/python3.12/site-packages:${PYTHONPATH} /usr/bin/python3 -W ignore:setup.py install is deprecated -W ignore:easy_install command is deprecated setup.py egg_info --egg-base ../../build/mobile_robot build --build-base /home/adharsh/Desktop/Swarm-robot/build/mobile_robot/build install --record /home/adharsh/Desktop/Swarm-robot/build/mobile_robot/install.log --single-version-externally-managed install_data
[1.126s] running egg_info
[1.143s] writing ../../build/mobile_robot/mobile_robot.egg-info/PKG-INFO
[1.144s] writing dependency_links to ../../build/mobile_robot/mobile_robot.egg-info/dependency_links.txt
[1.144s] writing entry points to ../../build/mobile_robot/mobile_robot.egg-info/entry_points.txt
[1.144s] writing requirements to ../../build/mobile_robot/mobile_robot.egg-info/requires.txt
[1.144s] writing top-level names to ../../build/mobile_robot/mobile_robot.egg-info/top_level.txt
[1.178s] reading manifest file '../../build/mobile_robot/mobile_robot.egg-info/SOURCES.txt'
[1.179s] writing manifest file '../../build/mobile_robot/mobile_robot.egg-info/SOURCES.txt'
[1.179s] running build
[1.179s] running build_py
[1.180s] running install
[1.187s] running install_lib
[1.207s] running install_data
[1.207s] copying model/robot.xacro -> /home/adharsh/Desktop/Swarm-robot/install/mobile_robot/share/mobile_robot/model
[1.208s] running install_egg_info
[1.229s] removing '/home/adharsh/Desktop/Swarm-robot/install/mobile_robot/lib/python3.12/site-packages/mobile_robot-0.0.0-py3.12.egg-info' (and everything under it)
[1.229s] Copying ../../build/mobile_robot/mobile_robot.egg-info to /home/adharsh/Desktop/Swarm-robot/install/mobile_robot/lib/python3.12/site-packages/mobile_robot-0.0.0-py3.12.egg-info
[1.230s] running install_scripts
[1.352s] Installing controller_final script to /home/adharsh/Desktop/Swarm-robot/install/mobile_robot/lib/mobile_robot
[1.353s] writing list of installed files to '/home/adharsh/Desktop/Swarm-robot/build/mobile_robot/install.log'
[1.405s] Invoked command in '/home/adharsh/Desktop/Swarm-robot/src/mobile_robot' returned '0': DEBUGINFOD_URLS=https://debuginfod.ubuntu.com PYTHONPATH=/home/adharsh/Desktop/Swarm-robot/build/mobile_robot/prefix_override:/usr/lib/python3/dist-packages/colcon_core/task/python/colcon_distutils_commands:/home/adharsh/Desktop/Swarm-robot/install/mobile_robot/lib/python3.12/site-packages:${PYTHONPATH} /usr/bin/python3 -W ignore:setup.py install is deprecated -W ignore:easy_install command is deprecated setup.py egg_info --egg-base ../../build/mobile_robot build --build-base /home/adharsh/Desktop/Swarm-robot/build/mobile_robot/build install --record /home/adharsh/Desktop/Swarm-robot/build/mobile_robot/install.log --single-version-externally-managed install_data
