/home/adharsh/Desktop/Swarm-robot/install/mobile_robot/lib/python3.12/site-packages/mobile_robot/old.py
/home/adharsh/Desktop/Swarm-robot/install/mobile_robot/lib/python3.12/site-packages/mobile_robot/controller_final.py
/home/adharsh/Desktop/Swarm-robot/install/mobile_robot/lib/python3.12/site-packages/mobile_robot/y_tracker_controller.py
/home/adharsh/Desktop/Swarm-robot/install/mobile_robot/lib/python3.12/site-packages/mobile_robot/x_tracker_controller.py
/home/adharsh/Desktop/Swarm-robot/install/mobile_robot/lib/python3.12/site-packages/mobile_robot/__init__.py
/home/adharsh/Desktop/Swarm-robot/install/mobile_robot/lib/python3.12/site-packages/mobile_robot/__pycache__/old.cpython-312.pyc
/home/adharsh/Desktop/Swarm-robot/install/mobile_robot/lib/python3.12/site-packages/mobile_robot/__pycache__/controller_final.cpython-312.pyc
/home/adharsh/Desktop/Swarm-robot/install/mobile_robot/lib/python3.12/site-packages/mobile_robot/__pycache__/y_tracker_controller.cpython-312.pyc
/home/adharsh/Desktop/Swarm-robot/install/mobile_robot/lib/python3.12/site-packages/mobile_robot/__pycache__/x_tracker_controller.cpython-312.pyc
/home/adharsh/Desktop/Swarm-robot/install/mobile_robot/lib/python3.12/site-packages/mobile_robot/__pycache__/__init__.cpython-312.pyc
/home/adharsh/Desktop/Swarm-robot/install/mobile_robot/share/ament_index/resource_index/packages/mobile_robot
/home/adharsh/Desktop/Swarm-robot/install/mobile_robot/share/mobile_robot/package.xml
/home/adharsh/Desktop/Swarm-robot/install/mobile_robot/share/mobile_robot/launch/gazebo_model.launch.py
/home/adharsh/Desktop/Swarm-robot/install/mobile_robot/share/mobile_robot/launch/controllers.launch.py
/home/adharsh/Desktop/Swarm-robot/install/mobile_robot/share/mobile_robot/model/robot1.xacro
/home/adharsh/Desktop/Swarm-robot/install/mobile_robot/share/mobile_robot/model/robot_macro.xacro
/home/adharsh/Desktop/Swarm-robot/install/mobile_robot/share/mobile_robot/model/robot2.xacro
/home/adharsh/Desktop/Swarm-robot/install/mobile_robot/share/mobile_robot/model/robot.gazebo
/home/adharsh/Desktop/Swarm-robot/install/mobile_robot/share/mobile_robot/parameters/bridge_robot1.yaml
/home/adharsh/Desktop/Swarm-robot/install/mobile_robot/share/mobile_robot/parameters/bridge_robot2.yaml
/home/adharsh/Desktop/Swarm-robot/install/mobile_robot/share/mobile_robot/parameters/bridge_parameters.yaml
/home/adharsh/Desktop/Swarm-robot/install/mobile_robot/share/mobile_robot/worlds/arena_walls.world
/home/adharsh/Desktop/Swarm-robot/install/mobile_robot/lib/python3.12/site-packages/mobile_robot-0.0.0-py3.12.egg-info/zip-safe
/home/adharsh/Desktop/Swarm-robot/install/mobile_robot/lib/python3.12/site-packages/mobile_robot-0.0.0-py3.12.egg-info/entry_points.txt
/home/adharsh/Desktop/Swarm-robot/install/mobile_robot/lib/python3.12/site-packages/mobile_robot-0.0.0-py3.12.egg-info/requires.txt
/home/adharsh/Desktop/Swarm-robot/install/mobile_robot/lib/python3.12/site-packages/mobile_robot-0.0.0-py3.12.egg-info/SOURCES.txt
/home/adharsh/Desktop/Swarm-robot/install/mobile_robot/lib/python3.12/site-packages/mobile_robot-0.0.0-py3.12.egg-info/dependency_links.txt
/home/adharsh/Desktop/Swarm-robot/install/mobile_robot/lib/python3.12/site-packages/mobile_robot-0.0.0-py3.12.egg-info/PKG-INFO
/home/adharsh/Desktop/Swarm-robot/install/mobile_robot/lib/python3.12/site-packages/mobile_robot-0.0.0-py3.12.egg-info/top_level.txt
/home/adharsh/Desktop/Swarm-robot/install/mobile_robot/lib/mobile_robot/partition_manager
/home/adharsh/Desktop/Swarm-robot/install/mobile_robot/lib/mobile_robot/x_tracker_controller
/home/adharsh/Desktop/Swarm-robot/install/mobile_robot/lib/mobile_robot/y_tracker_controller
