[1.325s] DEBUG:colcon:Command line arguments: ['/usr/bin/colcon', 'build']
[1.325s] DEBUG:colcon:Parsed command line arguments: Namespace(log_base=None, log_level=None, verb_name='build', build_base='build', install_base='install', merge_install=False, symlink_install=False, test_result_base=None, continue_on_error=False, executor='parallel', parallel_workers=16, event_handlers=None, ignore_user_meta=False, metas=['./colcon.meta'], base_paths=['.'], packages_ignore=None, packages_ignore_regex=None, paths=None, packages_up_to=None, packages_up_to_regex=None, packages_above=None, packages_above_and_dependencies=None, packages_above_depth=None, packages_select_by_dep=None, packages_skip_by_dep=None, packages_skip_up_to=None, packages_select_build_failed=False, packages_skip_build_finished=False, packages_select_test_failures=False, packages_skip_test_passed=False, packages_select=None, packages_skip=None, packages_select_regex=None, packages_skip_regex=None, packages_start=None, packages_end=None, allow_overriding=[], cmake_args=None, cmake_target=None, cmake_target_skip_unavailable=False, cmake_clean_cache=False, cmake_clean_first=False, cmake_force_configure=False, ament_cmake_args=None, catkin_cmake_args=None, catkin_skip_building_tests=False, mixin_files=None, mixin=None, verb_parser=<colcon_mixin.mixin.mixin_argument.MixinArgumentDecorator object at 0x728f5088c050>, verb_extension=<colcon_core.verb.build.BuildVerb object at 0x728f50809ee0>, main=<bound method BuildVerb.main of <colcon_core.verb.build.BuildVerb object at 0x728f50809ee0>>, mixin_verb=('build',))
[1.545s] Level 1:colcon.colcon_core.package_discovery:discover_packages(colcon_meta) check parameters
[1.546s] Level 1:colcon.colcon_core.package_discovery:discover_packages(recursive) check parameters
[1.546s] Level 1:colcon.colcon_core.package_discovery:discover_packages(ignore) check parameters
[1.546s] Level 1:colcon.colcon_core.package_discovery:discover_packages(path) check parameters
[1.546s] Level 1:colcon.colcon_core.package_discovery:discover_packages(colcon_meta) discover
[1.546s] Level 1:colcon.colcon_core.package_discovery:discover_packages(recursive) discover
[1.546s] INFO:colcon.colcon_core.package_discovery:Crawling recursively for packages in '/home/adharsh/Desktop/Swarm-robot'
[1.546s] Level 1:colcon.colcon_core.package_identification:_identify(.) by extensions ['ignore', 'ignore_ament_install']
[1.546s] Level 1:colcon.colcon_core.package_identification:_identify(.) by extension 'ignore'
[1.546s] Level 1:colcon.colcon_core.package_identification:_identify(.) by extension 'ignore_ament_install'
[1.546s] Level 1:colcon.colcon_core.package_identification:_identify(.) by extensions ['colcon_pkg']
[1.546s] Level 1:colcon.colcon_core.package_identification:_identify(.) by extension 'colcon_pkg'
[1.547s] Level 1:colcon.colcon_core.package_identification:_identify(.) by extensions ['colcon_meta']
[1.547s] Level 1:colcon.colcon_core.package_identification:_identify(.) by extension 'colcon_meta'
[1.547s] Level 1:colcon.colcon_core.package_identification:_identify(.) by extensions ['ros']
[1.547s] Level 1:colcon.colcon_core.package_identification:_identify(.) by extension 'ros'
[1.566s] Level 1:colcon.colcon_core.package_identification:_identify(.) by extensions ['cmake', 'python']
[1.566s] Level 1:colcon.colcon_core.package_identification:_identify(.) by extension 'cmake'
[1.566s] Level 1:colcon.colcon_core.package_identification:_identify(.) by extension 'python'
[1.566s] Level 1:colcon.colcon_core.package_identification:_identify(.) by extensions ['python_setup_py']
[1.566s] Level 1:colcon.colcon_core.package_identification:_identify(.) by extension 'python_setup_py'
[1.566s] Level 1:colcon.colcon_core.package_identification:_identify(build) by extensions ['ignore', 'ignore_ament_install']
[1.566s] Level 1:colcon.colcon_core.package_identification:_identify(build) by extension 'ignore'
[1.566s] Level 1:colcon.colcon_core.package_identification:_identify(build) ignored
[1.566s] Level 1:colcon.colcon_core.package_identification:_identify(install) by extensions ['ignore', 'ignore_ament_install']
[1.567s] Level 1:colcon.colcon_core.package_identification:_identify(install) by extension 'ignore'
[1.567s] Level 1:colcon.colcon_core.package_identification:_identify(install) ignored
[1.567s] Level 1:colcon.colcon_core.package_identification:_identify(log) by extensions ['ignore', 'ignore_ament_install']
[1.567s] Level 1:colcon.colcon_core.package_identification:_identify(log) by extension 'ignore'
[1.567s] Level 1:colcon.colcon_core.package_identification:_identify(log) ignored
[1.567s] Level 1:colcon.colcon_core.package_identification:_identify(src) by extensions ['ignore', 'ignore_ament_install']
[1.567s] Level 1:colcon.colcon_core.package_identification:_identify(src) by extension 'ignore'
[1.567s] Level 1:colcon.colcon_core.package_identification:_identify(src) by extension 'ignore_ament_install'
[1.567s] Level 1:colcon.colcon_core.package_identification:_identify(src) by extensions ['colcon_pkg']
[1.567s] Level 1:colcon.colcon_core.package_identification:_identify(src) by extension 'colcon_pkg'
[1.567s] Level 1:colcon.colcon_core.package_identification:_identify(src) by extensions ['colcon_meta']
[1.567s] Level 1:colcon.colcon_core.package_identification:_identify(src) by extension 'colcon_meta'
[1.567s] Level 1:colcon.colcon_core.package_identification:_identify(src) by extensions ['ros']
[1.567s] Level 1:colcon.colcon_core.package_identification:_identify(src) by extension 'ros'
[1.567s] Level 1:colcon.colcon_core.package_identification:_identify(src) by extensions ['cmake', 'python']
[1.567s] Level 1:colcon.colcon_core.package_identification:_identify(src) by extension 'cmake'
[1.567s] Level 1:colcon.colcon_core.package_identification:_identify(src) by extension 'python'
[1.567s] Level 1:colcon.colcon_core.package_identification:_identify(src) by extensions ['python_setup_py']
[1.567s] Level 1:colcon.colcon_core.package_identification:_identify(src) by extension 'python_setup_py'
[1.567s] Level 1:colcon.colcon_core.package_identification:_identify(src/mobile_robot) by extensions ['ignore', 'ignore_ament_install']
[1.567s] Level 1:colcon.colcon_core.package_identification:_identify(src/mobile_robot) by extension 'ignore'
[1.567s] Level 1:colcon.colcon_core.package_identification:_identify(src/mobile_robot) by extension 'ignore_ament_install'
[1.567s] Level 1:colcon.colcon_core.package_identification:_identify(src/mobile_robot) by extensions ['colcon_pkg']
[1.567s] Level 1:colcon.colcon_core.package_identification:_identify(src/mobile_robot) by extension 'colcon_pkg'
[1.567s] Level 1:colcon.colcon_core.package_identification:_identify(src/mobile_robot) by extensions ['colcon_meta']
[1.567s] Level 1:colcon.colcon_core.package_identification:_identify(src/mobile_robot) by extension 'colcon_meta'
[1.567s] Level 1:colcon.colcon_core.package_identification:_identify(src/mobile_robot) by extensions ['ros']
[1.567s] Level 1:colcon.colcon_core.package_identification:_identify(src/mobile_robot) by extension 'ros'
[1.573s] DEBUG:colcon.colcon_core.package_identification:Package 'src/mobile_robot' with type 'ros.ament_python' and name 'mobile_robot'
[1.573s] Level 1:colcon.colcon_core.package_discovery:discover_packages(recursive) using defaults
[1.573s] Level 1:colcon.colcon_core.package_discovery:discover_packages(ignore) discover
[1.573s] Level 1:colcon.colcon_core.package_discovery:discover_packages(ignore) using defaults
[1.573s] Level 1:colcon.colcon_core.package_discovery:discover_packages(path) discover
[1.573s] Level 1:colcon.colcon_core.package_discovery:discover_packages(path) using defaults
[1.627s] Level 1:colcon.colcon_core.package_discovery:discover_packages(prefix_path) check parameters
[1.627s] Level 1:colcon.colcon_core.package_discovery:discover_packages(prefix_path) discover
[1.642s] DEBUG:colcon.colcon_installed_package_information.package_discovery:Found 1 installed packages in /home/adharsh/Desktop/Swarm-robot/install
[1.644s] DEBUG:colcon.colcon_installed_package_information.package_discovery:Found 317 installed packages in /opt/ros/jazzy
[1.645s] Level 1:colcon.colcon_core.package_discovery:discover_packages(prefix_path) using defaults
[1.672s] Level 5:colcon.colcon_core.verb:set package 'mobile_robot' build argument 'cmake_args' from command line to 'None'
[1.672s] Level 5:colcon.colcon_core.verb:set package 'mobile_robot' build argument 'cmake_target' from command line to 'None'
[1.672s] Level 5:colcon.colcon_core.verb:set package 'mobile_robot' build argument 'cmake_target_skip_unavailable' from command line to 'False'
[1.672s] Level 5:colcon.colcon_core.verb:set package 'mobile_robot' build argument 'cmake_clean_cache' from command line to 'False'
[1.673s] Level 5:colcon.colcon_core.verb:set package 'mobile_robot' build argument 'cmake_clean_first' from command line to 'False'
[1.673s] Level 5:colcon.colcon_core.verb:set package 'mobile_robot' build argument 'cmake_force_configure' from command line to 'False'
[1.673s] Level 5:colcon.colcon_core.verb:set package 'mobile_robot' build argument 'ament_cmake_args' from command line to 'None'
[1.673s] Level 5:colcon.colcon_core.verb:set package 'mobile_robot' build argument 'catkin_cmake_args' from command line to 'None'
[1.673s] Level 5:colcon.colcon_core.verb:set package 'mobile_robot' build argument 'catkin_skip_building_tests' from command line to 'False'
[1.673s] DEBUG:colcon.colcon_core.verb:Building package 'mobile_robot' with the following arguments: {'ament_cmake_args': None, 'build_base': '/home/adharsh/Desktop/Swarm-robot/build/mobile_robot', 'catkin_cmake_args': None, 'catkin_skip_building_tests': False, 'cmake_args': None, 'cmake_clean_cache': False, 'cmake_clean_first': False, 'cmake_force_configure': False, 'cmake_target': None, 'cmake_target_skip_unavailable': False, 'install_base': '/home/adharsh/Desktop/Swarm-robot/install/mobile_robot', 'merge_install': False, 'path': '/home/adharsh/Desktop/Swarm-robot/src/mobile_robot', 'symlink_install': False, 'test_result_base': None}
[1.673s] INFO:colcon.colcon_core.executor:Executing jobs using 'parallel' executor
[1.673s] DEBUG:colcon.colcon_parallel_executor.executor.parallel:run_until_complete
[1.674s] INFO:colcon.colcon_ros.task.ament_python.build:Building ROS package in '/home/adharsh/Desktop/Swarm-robot/src/mobile_robot' with build type 'ament_python'
[1.674s] Level 1:colcon.colcon_core.shell:create_environment_hook('mobile_robot', 'ament_prefix_path')
[1.701s] INFO:colcon.colcon_core.plugin_system:Skipping extension 'colcon_core.shell.bat': Not used on non-Windows systems
[1.701s] INFO:colcon.colcon_core.shell:Creating environment hook '/home/adharsh/Desktop/Swarm-robot/install/mobile_robot/share/mobile_robot/hook/ament_prefix_path.ps1'
[1.704s] INFO:colcon.colcon_core.shell:Creating environment descriptor '/home/adharsh/Desktop/Swarm-robot/install/mobile_robot/share/mobile_robot/hook/ament_prefix_path.dsv'
[1.705s] INFO:colcon.colcon_core.shell:Creating environment hook '/home/adharsh/Desktop/Swarm-robot/install/mobile_robot/share/mobile_robot/hook/ament_prefix_path.sh'
[1.707s] INFO:colcon.colcon_core.shell:Skip shell extension 'powershell' for command environment: Not usable outside of PowerShell
[1.707s] DEBUG:colcon.colcon_core.shell:Skip shell extension 'dsv' for command environment
[1.888s] INFO:colcon.colcon_core.task.python.build:Building Python package in '/home/adharsh/Desktop/Swarm-robot/src/mobile_robot'
[1.888s] INFO:colcon.colcon_core.shell:Skip shell extension 'powershell' for command environment: Not usable outside of PowerShell
[1.888s] DEBUG:colcon.colcon_core.shell:Skip shell extension 'dsv' for command environment
[3.740s] DEBUG:colcon.colcon_core.event_handler.log_command:Invoking command in '/home/adharsh/Desktop/Swarm-robot/src/mobile_robot': DEBUGINFOD_URLS=https://debuginfod.ubuntu.com PYTHONPATH=/home/adharsh/Desktop/Swarm-robot/build/mobile_robot/prefix_override:/usr/lib/python3/dist-packages/colcon_core/task/python/colcon_distutils_commands:/home/adharsh/Desktop/Swarm-robot/install/mobile_robot/lib/python3.12/site-packages:${PYTHONPATH} /usr/bin/python3 -W ignore:setup.py install is deprecated -W ignore:easy_install command is deprecated setup.py egg_info --egg-base ../../build/mobile_robot build --build-base /home/adharsh/Desktop/Swarm-robot/build/mobile_robot/build install --record /home/adharsh/Desktop/Swarm-robot/build/mobile_robot/install.log --single-version-externally-managed install_data
[4.095s] DEBUG:colcon.colcon_core.event_handler.log_command:Invoked command in '/home/adharsh/Desktop/Swarm-robot/src/mobile_robot' returned '0': DEBUGINFOD_URLS=https://debuginfod.ubuntu.com PYTHONPATH=/home/adharsh/Desktop/Swarm-robot/build/mobile_robot/prefix_override:/usr/lib/python3/dist-packages/colcon_core/task/python/colcon_distutils_commands:/home/adharsh/Desktop/Swarm-robot/install/mobile_robot/lib/python3.12/site-packages:${PYTHONPATH} /usr/bin/python3 -W ignore:setup.py install is deprecated -W ignore:easy_install command is deprecated setup.py egg_info --egg-base ../../build/mobile_robot build --build-base /home/adharsh/Desktop/Swarm-robot/build/mobile_robot/build install --record /home/adharsh/Desktop/Swarm-robot/build/mobile_robot/install.log --single-version-externally-managed install_data
[4.124s] Level 1:colcon.colcon_core.environment:checking '/home/adharsh/Desktop/Swarm-robot/install/mobile_robot' for CMake module files
[4.124s] Level 1:colcon.colcon_core.environment:checking '/home/adharsh/Desktop/Swarm-robot/install/mobile_robot' for CMake config files
[4.125s] Level 1:colcon.colcon_core.environment:checking '/home/adharsh/Desktop/Swarm-robot/install/mobile_robot/lib'
[4.125s] Level 1:colcon.colcon_core.environment:checking '/home/adharsh/Desktop/Swarm-robot/install/mobile_robot/bin'
[4.125s] Level 1:colcon.colcon_core.environment:checking '/home/adharsh/Desktop/Swarm-robot/install/mobile_robot/lib/pkgconfig/mobile_robot.pc'
[4.125s] Level 1:colcon.colcon_core.environment:checking '/home/adharsh/Desktop/Swarm-robot/install/mobile_robot/lib/python3.12/site-packages'
[4.125s] Level 1:colcon.colcon_core.shell:create_environment_hook('mobile_robot', 'pythonpath')
[4.126s] INFO:colcon.colcon_core.shell:Creating environment hook '/home/adharsh/Desktop/Swarm-robot/install/mobile_robot/share/mobile_robot/hook/pythonpath.ps1'
[4.126s] INFO:colcon.colcon_core.shell:Creating environment descriptor '/home/adharsh/Desktop/Swarm-robot/install/mobile_robot/share/mobile_robot/hook/pythonpath.dsv'
[4.126s] INFO:colcon.colcon_core.shell:Creating environment hook '/home/adharsh/Desktop/Swarm-robot/install/mobile_robot/share/mobile_robot/hook/pythonpath.sh'
[4.127s] Level 1:colcon.colcon_core.environment:checking '/home/adharsh/Desktop/Swarm-robot/install/mobile_robot/bin'
[4.127s] Level 1:colcon.colcon_core.environment:create_environment_scripts_only(mobile_robot)
[4.127s] INFO:colcon.colcon_core.shell:Creating package script '/home/adharsh/Desktop/Swarm-robot/install/mobile_robot/share/mobile_robot/package.ps1'
[4.129s] INFO:colcon.colcon_core.shell:Creating package descriptor '/home/adharsh/Desktop/Swarm-robot/install/mobile_robot/share/mobile_robot/package.dsv'
[4.130s] INFO:colcon.colcon_core.shell:Creating package script '/home/adharsh/Desktop/Swarm-robot/install/mobile_robot/share/mobile_robot/package.sh'
[4.132s] INFO:colcon.colcon_core.shell:Creating package script '/home/adharsh/Desktop/Swarm-robot/install/mobile_robot/share/mobile_robot/package.bash'
[4.137s] INFO:colcon.colcon_core.shell:Creating package script '/home/adharsh/Desktop/Swarm-robot/install/mobile_robot/share/mobile_robot/package.zsh'
[4.142s] Level 1:colcon.colcon_core.environment:create_file_with_runtime_dependencies(/home/adharsh/Desktop/Swarm-robot/install/mobile_robot/share/colcon-core/packages/mobile_robot)
[4.143s] DEBUG:colcon.colcon_parallel_executor.executor.parallel:closing loop
[4.144s] DEBUG:colcon.colcon_parallel_executor.executor.parallel:loop closed
[4.144s] DEBUG:colcon.colcon_parallel_executor.executor.parallel:run_until_complete finished with '0'
[4.144s] DEBUG:colcon.colcon_core.event_reactor:joining thread
[4.160s] INFO:colcon.colcon_core.plugin_system:Skipping extension 'colcon_notification.desktop_notification.terminal_notifier': Not used on non-Darwin systems
[4.160s] INFO:colcon.colcon_core.plugin_system:Skipping extension 'colcon_notification.desktop_notification.win32': Not used on non-Windows systems
[4.160s] INFO:colcon.colcon_notification.desktop_notification:Sending desktop notification using 'notify2'
[4.187s] DEBUG:colcon.colcon_core.event_reactor:joined thread
[4.188s] INFO:colcon.colcon_core.shell:Creating prefix script '/home/adharsh/Desktop/Swarm-robot/install/local_setup.ps1'
[4.190s] INFO:colcon.colcon_core.shell:Creating prefix util module '/home/adharsh/Desktop/Swarm-robot/install/_local_setup_util_ps1.py'
[4.192s] INFO:colcon.colcon_core.shell:Creating prefix chain script '/home/adharsh/Desktop/Swarm-robot/install/setup.ps1'
[4.193s] INFO:colcon.colcon_core.shell:Creating prefix script '/home/adharsh/Desktop/Swarm-robot/install/local_setup.sh'
[4.195s] INFO:colcon.colcon_core.shell:Creating prefix util module '/home/adharsh/Desktop/Swarm-robot/install/_local_setup_util_sh.py'
[4.196s] INFO:colcon.colcon_core.shell:Creating prefix chain script '/home/adharsh/Desktop/Swarm-robot/install/setup.sh'
[4.197s] INFO:colcon.colcon_core.shell:Creating prefix script '/home/adharsh/Desktop/Swarm-robot/install/local_setup.bash'
[4.199s] INFO:colcon.colcon_core.shell:Creating prefix chain script '/home/adharsh/Desktop/Swarm-robot/install/setup.bash'
[4.201s] INFO:colcon.colcon_core.shell:Creating prefix script '/home/adharsh/Desktop/Swarm-robot/install/local_setup.zsh'
[4.205s] INFO:colcon.colcon_core.shell:Creating prefix chain script '/home/adharsh/Desktop/Swarm-robot/install/setup.zsh'
