[0.119s] DEBUG:colcon:Command line arguments: ['/usr/bin/colcon', 'build', '--symlink-install']
[0.120s] DEBUG:colcon:Parsed command line arguments: Namespace(log_base=None, log_level=None, verb_name='build', build_base='build', install_base='install', merge_install=False, symlink_install=True, test_result_base=None, continue_on_error=False, executor='parallel', parallel_workers=16, event_handlers=None, ignore_user_meta=False, metas=['./colcon.meta'], base_paths=['.'], packages_ignore=None, packages_ignore_regex=None, paths=None, packages_up_to=None, packages_up_to_regex=None, packages_above=None, packages_above_and_dependencies=None, packages_above_depth=None, packages_select_by_dep=None, packages_skip_by_dep=None, packages_skip_up_to=None, packages_select_build_failed=False, packages_skip_build_finished=False, packages_select_test_failures=False, packages_skip_test_passed=False, packages_select=None, packages_skip=None, packages_select_regex=None, packages_skip_regex=None, packages_start=None, packages_end=None, allow_overriding=[], cmake_args=None, cmake_target=None, cmake_target_skip_unavailable=False, cmake_clean_cache=False, cmake_clean_first=False, cmake_force_configure=False, ament_cmake_args=None, catkin_cmake_args=None, catkin_skip_building_tests=False, mixin_files=None, mixin=None, verb_parser=<colcon_mixin.mixin.mixin_argument.MixinArgumentDecorator object at 0x7c5b74fa0320>, verb_extension=<colcon_core.verb.build.BuildVerb object at 0x7c5b74f1e000>, main=<bound method BuildVerb.main of <colcon_core.verb.build.BuildVerb object at 0x7c5b74f1e000>>, mixin_verb=('build',))
[0.165s] Level 1:colcon.colcon_core.package_discovery:discover_packages(colcon_meta) check parameters
[0.165s] Level 1:colcon.colcon_core.package_discovery:discover_packages(recursive) check parameters
[0.165s] Level 1:colcon.colcon_core.package_discovery:discover_packages(ignore) check parameters
[0.165s] Level 1:colcon.colcon_core.package_discovery:discover_packages(path) check parameters
[0.165s] Level 1:colcon.colcon_core.package_discovery:discover_packages(colcon_meta) discover
[0.166s] Level 1:colcon.colcon_core.package_discovery:discover_packages(recursive) discover
[0.166s] INFO:colcon.colcon_core.package_discovery:Crawling recursively for packages in '/home/adharsh/Desktop/Swarm-robot'
[0.166s] Level 1:colcon.colcon_core.package_identification:_identify(.) by extensions ['ignore', 'ignore_ament_install']
[0.166s] Level 1:colcon.colcon_core.package_identification:_identify(.) by extension 'ignore'
[0.166s] Level 1:colcon.colcon_core.package_identification:_identify(.) by extension 'ignore_ament_install'
[0.166s] Level 1:colcon.colcon_core.package_identification:_identify(.) by extensions ['colcon_pkg']
[0.166s] Level 1:colcon.colcon_core.package_identification:_identify(.) by extension 'colcon_pkg'
[0.166s] Level 1:colcon.colcon_core.package_identification:_identify(.) by extensions ['colcon_meta']
[0.166s] Level 1:colcon.colcon_core.package_identification:_identify(.) by extension 'colcon_meta'
[0.166s] Level 1:colcon.colcon_core.package_identification:_identify(.) by extensions ['ros']
[0.166s] Level 1:colcon.colcon_core.package_identification:_identify(.) by extension 'ros'
[0.195s] Level 1:colcon.colcon_core.package_identification:_identify(.) by extensions ['cmake', 'python']
[0.196s] Level 1:colcon.colcon_core.package_identification:_identify(.) by extension 'cmake'
[0.196s] Level 1:colcon.colcon_core.package_identification:_identify(.) by extension 'python'
[0.196s] Level 1:colcon.colcon_core.package_identification:_identify(.) by extensions ['python_setup_py']
[0.196s] Level 1:colcon.colcon_core.package_identification:_identify(.) by extension 'python_setup_py'
[0.196s] Level 1:colcon.colcon_core.package_identification:_identify(build) by extensions ['ignore', 'ignore_ament_install']
[0.196s] Level 1:colcon.colcon_core.package_identification:_identify(build) by extension 'ignore'
[0.197s] Level 1:colcon.colcon_core.package_identification:_identify(build) ignored
[0.197s] Level 1:colcon.colcon_core.package_identification:_identify(install) by extensions ['ignore', 'ignore_ament_install']
[0.197s] Level 1:colcon.colcon_core.package_identification:_identify(install) by extension 'ignore'
[0.197s] Level 1:colcon.colcon_core.package_identification:_identify(install) ignored
[0.197s] Level 1:colcon.colcon_core.package_identification:_identify(log) by extensions ['ignore', 'ignore_ament_install']
[0.197s] Level 1:colcon.colcon_core.package_identification:_identify(log) by extension 'ignore'
[0.197s] Level 1:colcon.colcon_core.package_identification:_identify(log) ignored
[0.197s] Level 1:colcon.colcon_core.package_identification:_identify(src) by extensions ['ignore', 'ignore_ament_install']
[0.197s] Level 1:colcon.colcon_core.package_identification:_identify(src) by extension 'ignore'
[0.198s] Level 1:colcon.colcon_core.package_identification:_identify(src) by extension 'ignore_ament_install'
[0.198s] Level 1:colcon.colcon_core.package_identification:_identify(src) by extensions ['colcon_pkg']
[0.198s] Level 1:colcon.colcon_core.package_identification:_identify(src) by extension 'colcon_pkg'
[0.198s] Level 1:colcon.colcon_core.package_identification:_identify(src) by extensions ['colcon_meta']
[0.198s] Level 1:colcon.colcon_core.package_identification:_identify(src) by extension 'colcon_meta'
[0.198s] Level 1:colcon.colcon_core.package_identification:_identify(src) by extensions ['ros']
[0.198s] Level 1:colcon.colcon_core.package_identification:_identify(src) by extension 'ros'
[0.198s] Level 1:colcon.colcon_core.package_identification:_identify(src) by extensions ['cmake', 'python']
[0.198s] Level 1:colcon.colcon_core.package_identification:_identify(src) by extension 'cmake'
[0.198s] Level 1:colcon.colcon_core.package_identification:_identify(src) by extension 'python'
[0.198s] Level 1:colcon.colcon_core.package_identification:_identify(src) by extensions ['python_setup_py']
[0.198s] Level 1:colcon.colcon_core.package_identification:_identify(src) by extension 'python_setup_py'
[0.198s] Level 1:colcon.colcon_core.package_identification:_identify(src/mobile_robot) by extensions ['ignore', 'ignore_ament_install']
[0.198s] Level 1:colcon.colcon_core.package_identification:_identify(src/mobile_robot) by extension 'ignore'
[0.198s] Level 1:colcon.colcon_core.package_identification:_identify(src/mobile_robot) by extension 'ignore_ament_install'
[0.198s] Level 1:colcon.colcon_core.package_identification:_identify(src/mobile_robot) by extensions ['colcon_pkg']
[0.198s] Level 1:colcon.colcon_core.package_identification:_identify(src/mobile_robot) by extension 'colcon_pkg'
[0.198s] Level 1:colcon.colcon_core.package_identification:_identify(src/mobile_robot) by extensions ['colcon_meta']
[0.198s] Level 1:colcon.colcon_core.package_identification:_identify(src/mobile_robot) by extension 'colcon_meta'
[0.198s] Level 1:colcon.colcon_core.package_identification:_identify(src/mobile_robot) by extensions ['ros']
[0.198s] Level 1:colcon.colcon_core.package_identification:_identify(src/mobile_robot) by extension 'ros'
[0.201s] DEBUG:colcon.colcon_core.package_identification:Package 'src/mobile_robot' with type 'ros.ament_python' and name 'mobile_robot'
[0.201s] Level 1:colcon.colcon_core.package_discovery:discover_packages(recursive) using defaults
[0.201s] Level 1:colcon.colcon_core.package_discovery:discover_packages(ignore) discover
[0.201s] Level 1:colcon.colcon_core.package_discovery:discover_packages(ignore) using defaults
[0.202s] Level 1:colcon.colcon_core.package_discovery:discover_packages(path) discover
[0.202s] Level 1:colcon.colcon_core.package_discovery:discover_packages(path) using defaults
[0.220s] Level 1:colcon.colcon_core.package_discovery:discover_packages(prefix_path) check parameters
[0.220s] Level 1:colcon.colcon_core.package_discovery:discover_packages(prefix_path) discover
[0.222s] DEBUG:colcon.colcon_installed_package_information.package_discovery:Found 1 installed packages in /home/adharsh/Desktop/Swarm-robot/install
[0.223s] DEBUG:colcon.colcon_installed_package_information.package_discovery:Found 317 installed packages in /opt/ros/jazzy
[0.225s] Level 1:colcon.colcon_core.package_discovery:discover_packages(prefix_path) using defaults
[0.264s] Level 5:colcon.colcon_core.verb:set package 'mobile_robot' build argument 'cmake_args' from command line to 'None'
[0.265s] Level 5:colcon.colcon_core.verb:set package 'mobile_robot' build argument 'cmake_target' from command line to 'None'
[0.265s] Level 5:colcon.colcon_core.verb:set package 'mobile_robot' build argument 'cmake_target_skip_unavailable' from command line to 'False'
[0.265s] Level 5:colcon.colcon_core.verb:set package 'mobile_robot' build argument 'cmake_clean_cache' from command line to 'False'
[0.265s] Level 5:colcon.colcon_core.verb:set package 'mobile_robot' build argument 'cmake_clean_first' from command line to 'False'
[0.265s] Level 5:colcon.colcon_core.verb:set package 'mobile_robot' build argument 'cmake_force_configure' from command line to 'False'
[0.265s] Level 5:colcon.colcon_core.verb:set package 'mobile_robot' build argument 'ament_cmake_args' from command line to 'None'
[0.265s] Level 5:colcon.colcon_core.verb:set package 'mobile_robot' build argument 'catkin_cmake_args' from command line to 'None'
[0.265s] Level 5:colcon.colcon_core.verb:set package 'mobile_robot' build argument 'catkin_skip_building_tests' from command line to 'False'
[0.265s] DEBUG:colcon.colcon_core.verb:Building package 'mobile_robot' with the following arguments: {'ament_cmake_args': None, 'build_base': '/home/adharsh/Desktop/Swarm-robot/build/mobile_robot', 'catkin_cmake_args': None, 'catkin_skip_building_tests': False, 'cmake_args': None, 'cmake_clean_cache': False, 'cmake_clean_first': False, 'cmake_force_configure': False, 'cmake_target': None, 'cmake_target_skip_unavailable': False, 'install_base': '/home/adharsh/Desktop/Swarm-robot/install/mobile_robot', 'merge_install': False, 'path': '/home/adharsh/Desktop/Swarm-robot/src/mobile_robot', 'symlink_install': True, 'test_result_base': None}
[0.265s] INFO:colcon.colcon_core.executor:Executing jobs using 'parallel' executor
[0.266s] DEBUG:colcon.colcon_parallel_executor.executor.parallel:run_until_complete
[0.266s] INFO:colcon.colcon_ros.task.ament_python.build:Building ROS package in '/home/adharsh/Desktop/Swarm-robot/src/mobile_robot' with build type 'ament_python'
[0.266s] Level 1:colcon.colcon_core.shell:create_environment_hook('mobile_robot', 'ament_prefix_path')
[0.268s] INFO:colcon.colcon_core.plugin_system:Skipping extension 'colcon_core.shell.bat': Not used on non-Windows systems
[0.268s] INFO:colcon.colcon_core.shell:Creating environment hook '/home/adharsh/Desktop/Swarm-robot/install/mobile_robot/share/mobile_robot/hook/ament_prefix_path.ps1'
[0.269s] INFO:colcon.colcon_core.shell:Creating environment descriptor '/home/adharsh/Desktop/Swarm-robot/install/mobile_robot/share/mobile_robot/hook/ament_prefix_path.dsv'
[0.269s] INFO:colcon.colcon_core.shell:Creating environment hook '/home/adharsh/Desktop/Swarm-robot/install/mobile_robot/share/mobile_robot/hook/ament_prefix_path.sh'
[0.270s] INFO:colcon.colcon_core.shell:Skip shell extension 'powershell' for command environment: Not usable outside of PowerShell
[0.270s] DEBUG:colcon.colcon_core.shell:Skip shell extension 'dsv' for command environment
[0.538s] INFO:colcon.colcon_core.task.python.build:Building Python package in '/home/adharsh/Desktop/Swarm-robot/src/mobile_robot'
[0.538s] INFO:colcon.colcon_core.shell:Skip shell extension 'powershell' for command environment: Not usable outside of PowerShell
[0.538s] DEBUG:colcon.colcon_core.shell:Skip shell extension 'dsv' for command environment
[1.209s] DEBUG:colcon.colcon_core.event_handler.log_command:Invoking command in '/home/adharsh/Desktop/Swarm-robot/build/mobile_robot': DEBUGINFOD_URLS=https://debuginfod.ubuntu.com PYTHONPATH=/home/adharsh/Desktop/Swarm-robot/build/mobile_robot/prefix_override:/usr/lib/python3/dist-packages/colcon_core/task/python/colcon_distutils_commands:/home/adharsh/Desktop/Swarm-robot/install/mobile_robot/lib/python3.12/site-packages:${PYTHONPATH} /usr/bin/python3 -W ignore:setup.py install is deprecated -W ignore:easy_install command is deprecated setup.py develop --editable --build-directory /home/adharsh/Desktop/Swarm-robot/build/mobile_robot/build --no-deps symlink_data
[1.903s] Level 1:colcon.colcon_core.shell:create_environment_hook('mobile_robot', 'pythonpath_develop')
[1.903s] INFO:colcon.colcon_core.shell:Creating environment hook '/home/adharsh/Desktop/Swarm-robot/build/mobile_robot/share/mobile_robot/hook/pythonpath_develop.ps1'
[1.904s] DEBUG:colcon.colcon_core.event_handler.log_command:Invoked command in '/home/adharsh/Desktop/Swarm-robot/build/mobile_robot' returned '0': DEBUGINFOD_URLS=https://debuginfod.ubuntu.com PYTHONPATH=/home/adharsh/Desktop/Swarm-robot/build/mobile_robot/prefix_override:/usr/lib/python3/dist-packages/colcon_core/task/python/colcon_distutils_commands:/home/adharsh/Desktop/Swarm-robot/install/mobile_robot/lib/python3.12/site-packages:${PYTHONPATH} /usr/bin/python3 -W ignore:setup.py install is deprecated -W ignore:easy_install command is deprecated setup.py develop --editable --build-directory /home/adharsh/Desktop/Swarm-robot/build/mobile_robot/build --no-deps symlink_data
[1.904s] INFO:colcon.colcon_core.shell:Creating environment descriptor '/home/adharsh/Desktop/Swarm-robot/build/mobile_robot/share/mobile_robot/hook/pythonpath_develop.dsv'
[1.905s] INFO:colcon.colcon_core.shell:Creating environment hook '/home/adharsh/Desktop/Swarm-robot/build/mobile_robot/share/mobile_robot/hook/pythonpath_develop.sh'
[1.908s] Level 1:colcon.colcon_core.environment:checking '/home/adharsh/Desktop/Swarm-robot/install/mobile_robot' for CMake module files
[1.908s] Level 1:colcon.colcon_core.environment:checking '/home/adharsh/Desktop/Swarm-robot/install/mobile_robot' for CMake config files
[1.910s] Level 1:colcon.colcon_core.environment:checking '/home/adharsh/Desktop/Swarm-robot/install/mobile_robot/lib'
[1.910s] Level 1:colcon.colcon_core.environment:checking '/home/adharsh/Desktop/Swarm-robot/install/mobile_robot/bin'
[1.910s] Level 1:colcon.colcon_core.environment:checking '/home/adharsh/Desktop/Swarm-robot/install/mobile_robot/lib/pkgconfig/mobile_robot.pc'
[1.910s] Level 1:colcon.colcon_core.environment:checking '/home/adharsh/Desktop/Swarm-robot/install/mobile_robot/lib/python3.12/site-packages'
[1.911s] Level 1:colcon.colcon_core.shell:create_environment_hook('mobile_robot', 'pythonpath')
[1.911s] INFO:colcon.colcon_core.shell:Creating environment hook '/home/adharsh/Desktop/Swarm-robot/install/mobile_robot/share/mobile_robot/hook/pythonpath.ps1'
[1.912s] INFO:colcon.colcon_core.shell:Creating environment descriptor '/home/adharsh/Desktop/Swarm-robot/install/mobile_robot/share/mobile_robot/hook/pythonpath.dsv'
[1.913s] INFO:colcon.colcon_core.shell:Creating environment hook '/home/adharsh/Desktop/Swarm-robot/install/mobile_robot/share/mobile_robot/hook/pythonpath.sh'
[1.914s] Level 1:colcon.colcon_core.environment:checking '/home/adharsh/Desktop/Swarm-robot/install/mobile_robot/bin'
[1.914s] Level 1:colcon.colcon_core.environment:create_environment_scripts_only(mobile_robot)
[1.914s] INFO:colcon.colcon_core.shell:Creating package script '/home/adharsh/Desktop/Swarm-robot/install/mobile_robot/share/mobile_robot/package.ps1'
[1.915s] INFO:colcon.colcon_core.shell:Creating package descriptor '/home/adharsh/Desktop/Swarm-robot/install/mobile_robot/share/mobile_robot/package.dsv'
[1.915s] INFO:colcon.colcon_core.shell:Creating package script '/home/adharsh/Desktop/Swarm-robot/install/mobile_robot/share/mobile_robot/package.sh'
[1.916s] INFO:colcon.colcon_core.shell:Creating package script '/home/adharsh/Desktop/Swarm-robot/install/mobile_robot/share/mobile_robot/package.bash'
[1.916s] INFO:colcon.colcon_core.shell:Creating package script '/home/adharsh/Desktop/Swarm-robot/install/mobile_robot/share/mobile_robot/package.zsh'
[1.917s] Level 1:colcon.colcon_core.environment:create_file_with_runtime_dependencies(/home/adharsh/Desktop/Swarm-robot/install/mobile_robot/share/colcon-core/packages/mobile_robot)
[1.917s] DEBUG:colcon.colcon_parallel_executor.executor.parallel:closing loop
[1.917s] DEBUG:colcon.colcon_parallel_executor.executor.parallel:loop closed
[1.917s] DEBUG:colcon.colcon_parallel_executor.executor.parallel:run_until_complete finished with '0'
[1.918s] DEBUG:colcon.colcon_core.event_reactor:joining thread
[1.925s] INFO:colcon.colcon_core.plugin_system:Skipping extension 'colcon_notification.desktop_notification.terminal_notifier': Not used on non-Darwin systems
[1.925s] INFO:colcon.colcon_core.plugin_system:Skipping extension 'colcon_notification.desktop_notification.win32': Not used on non-Windows systems
[1.925s] INFO:colcon.colcon_notification.desktop_notification:Sending desktop notification using 'notify2'
[1.949s] DEBUG:colcon.colcon_core.event_reactor:joined thread
[1.950s] INFO:colcon.colcon_core.shell:Creating prefix script '/home/adharsh/Desktop/Swarm-robot/install/local_setup.ps1'
[1.951s] INFO:colcon.colcon_core.shell:Creating prefix util module '/home/adharsh/Desktop/Swarm-robot/install/_local_setup_util_ps1.py'
[1.951s] INFO:colcon.colcon_core.shell:Creating prefix chain script '/home/adharsh/Desktop/Swarm-robot/install/setup.ps1'
[1.952s] INFO:colcon.colcon_core.shell:Creating prefix script '/home/adharsh/Desktop/Swarm-robot/install/local_setup.sh'
[1.952s] INFO:colcon.colcon_core.shell:Creating prefix util module '/home/adharsh/Desktop/Swarm-robot/install/_local_setup_util_sh.py'
[1.953s] INFO:colcon.colcon_core.shell:Creating prefix chain script '/home/adharsh/Desktop/Swarm-robot/install/setup.sh'
[1.953s] INFO:colcon.colcon_core.shell:Creating prefix script '/home/adharsh/Desktop/Swarm-robot/install/local_setup.bash'
[1.954s] INFO:colcon.colcon_core.shell:Creating prefix chain script '/home/adharsh/Desktop/Swarm-robot/install/setup.bash'
[1.955s] INFO:colcon.colcon_core.shell:Creating prefix script '/home/adharsh/Desktop/Swarm-robot/install/local_setup.zsh'
[1.955s] INFO:colcon.colcon_core.shell:Creating prefix chain script '/home/adharsh/Desktop/Swarm-robot/install/setup.zsh'
